{"level":"error","message":"MongoDB initial connection failed:","timestamp":"2026-05-31 12:56:41"}
{"level":"error","message":"MongoDB initial connection failed:","timestamp":"2026-05-31 12:56:42"}
{"level":"error","message":"MongoDB initial connection failed:","timestamp":"2026-05-31 12:57:13"}
{"level":"error","message":"MongoDB initial connection failed:","timestamp":"2026-05-31 12:57:45"}
{"level":"info","message":"MongoDB connected: localhost","timestamp":"2026-05-31 13:09:34"}
{"level":"info","message":"WardrobeAI server running on port 5000 in development mode","timestamp":"2026-05-31 13:09:34"}
{"level":"info","message":"MongoDB connected: localhost","timestamp":"2026-05-31 13:09:39"}
{"level":"info","message":"MongoDB connected: localhost","timestamp":"2026-05-31 13:11:41"}
{"level":"info","message":"MongoDB connected: localhost","timestamp":"2026-05-31 13:13:15"}
{"level":"info","message":"WardrobeAI server running on port 5000 in development mode","timestamp":"2026-05-31 13:13:15"}
{"level":"info","message":"MongoDB connected: localhost","timestamp":"2026-05-31 13:16:35"}
{"level":"info","message":"WardrobeAI server running on port 5000 in development mode","timestamp":"2026-05-31 13:16:35"}
{"level":"info","message":"MongoDB connected: localhost","timestamp":"2026-06-02 23:50:30"}
{"level":"info","message":"MongoDB connected: localhost","timestamp":"2026-06-02 23:50:30"}
{"level":"info","message":"WardrobeAI server running on port 5000 in development mode","timestamp":"2026-06-02 23:50:30"}
{"level":"info","message":"MongoDB connected: localhost","timestamp":"2026-06-02 23:50:40"}
{"level":"info","message":"MongoDB connected: localhost","timestamp":"2026-06-02 23:51:19"}
{"level":"info","message":"WardrobeAI server running on port 5000 in development mode","timestamp":"2026-06-02 23:51:19"}
{"level":"info","message":"MongoDB connected: localhost","timestamp":"2026-06-02 23:51:58"}
{"level":"info","message":"New user registered: test@test.com","timestamp":"2026-06-02 23:52:12"}
{"level":"info","message":"New user registered: pranav@gmai.com","timestamp":"2026-06-02 23:55:30"}
{"level":"info","message":"User logged in: pranav@gmai.com","timestamp":"2026-06-03 00:15:00"}
{"level":"info","message":"User logged in: pranav@gmai.com","timestamp":"2026-06-03 00:19:24"}
{"http_code":401,"level":"error","message":"POST /api/v1/clothing - 500: Unknown API key your_api_key","name":"Error","timestamp":"2026-06-03 00:20:42"}
{"http_code":401,"level":"error","message":"POST /api/v1/clothing - 500: Unknown API key your_api_key","name":"Error","timestamp":"2026-06-03 00:21:03"}
{"http_code":401,"level":"error","message":"POST /api/v1/clothing - 500: Unknown API key your_api_key","name":"Error","timestamp":"2026-06-03 00:21:17"}
{"level":"info","message":"MongoDB connected: localhost","timestamp":"2026-06-03 00:25:45"}
{"level":"info","message":"WardrobeAI server running on port 5000 in development mode","timestamp":"2026-06-03 00:25:45"}
{"level":"info","message":"User logged in: test@test.com","timestamp":"2026-06-03 00:26:00"}
{"level":"info","message":"User logged in: test@test.com","timestamp":"2026-06-03 00:26:23"}
{"level":"info","message":"User logged in: test@test.com","timestamp":"2026-06-03 00:26:36"}
{"level":"info","message":"User logged in: test@test.com","timestamp":"2026-06-03 00:27:00"}
{"level":"info","message":"User logged in: test@test.com","timestamp":"2026-06-03 00:29:50"}
{"level":"info","message":"User logged in: test@test.com","timestamp":"2026-06-03 00:30:01"}
{"level":"info","message":"User logged in: test@test.com","timestamp":"2026-06-03 00:30:56"}
{"level":"info","message":"User logged in: test@test.com","timestamp":"2026-06-03 00:31:29"}
{"level":"info","message":"User logged in: test@test.com","timestamp":"2026-06-03 00:31:44"}
{"level":"info","message":"User logged in: test@test.com","timestamp":"2026-06-03 00:32:18"}
{"level":"info","message":"User logged in: pranav@gmai.com","timestamp":"2026-06-03 10:44:53"}
{"level":"info","message":"MongoDB connected: localhost","timestamp":"2026-06-03 12:49:25"}
{"level":"info","message":"WardrobeAI server running on port 5000 in development mode","timestamp":"2026-06-03 12:49:25"}
{"level":"info","message":"New user registered: sauravsinh@gmail.com","timestamp":"2026-06-03 12:54:14"}
{"level":"info","message":"SIGINT received. Shutting down gracefully...","timestamp":"2026-06-03 13:04:34"}
{"level":"info","message":"MongoDB connected: localhost","timestamp":"2026-06-03 13:04:37"}
{"level":"info","message":"WardrobeAI server running on port 5000 in development mode","timestamp":"2026-06-03 13:04:37"}
{"level":"info","message":"SIGINT received. Shutting down gracefully...","timestamp":"2026-06-03 13:24:48"}
{"level":"info","message":"MongoDB connected: localhost","timestamp":"2026-06-03 13:25:29"}
{"level":"info","message":"WardrobeAI server running on port 5000 in development mode","timestamp":"2026-06-03 13:25:29"}
{"level":"info","message":"User logged in: sauravsinh@gmail.com","timestamp":"2026-06-03 13:26:56"}
